Performing C SOURCE FILE Test CMAKE_HAVE_LIBC_PTHREAD failed with the following output:
Change Dir: /home/manhhv/Documents/QTApp/TensorFlow/tensorflow_src/build/CMakeFiles/CMakeTmp

Run Build Command(s):/usr/bin/make cmTC_1188f/fast && /usr/bin/make -f CMakeFiles/cmTC_1188f.dir/build.make CMakeFiles/cmTC_1188f.dir/build
make[1]: Entering directory '/home/manhhv/Documents/QTApp/TensorFlow/tensorflow_src/build/CMakeFiles/CMakeTmp'
Building C object CMakeFiles/cmTC_1188f.dir/src.c.o
/home/manhhv/toolchains/gcc-arm-8.3-2019.03-x86_64-aarch64-linux-gnu/bin/aarch64-linux-gnu-gcc   -funsafe-math-optimizations -DCMAKE_HAVE_LIBC_PTHREAD -fPIE   -o CMakeFiles/cmTC_1188f.dir/src.c.o   -c /home/manhhv/Documents/QTApp/TensorFlow/tensorflow_src/build/CMakeFiles/CMakeTmp/src.c
Linking C executable cmTC_1188f
/usr/bin/cmake -E cmake_link_script CMakeFiles/cmTC_1188f.dir/link.txt --verbose=1
/home/manhhv/toolchains/gcc-arm-8.3-2019.03-x86_64-aarch64-linux-gnu/bin/aarch64-linux-gnu-gcc -funsafe-math-optimizations -DCMAKE_HAVE_LIBC_PTHREAD    CMakeFiles/cmTC_1188f.dir/src.c.o  -o cmTC_1188f 
/home/manhhv/toolchains/gcc-arm-8.3-2019.03-x86_64-aarch64-linux-gnu/bin/../lib/gcc/aarch64-linux-gnu/8.3.0/../../../../aarch64-linux-gnu/bin/ld: CMakeFiles/cmTC_1188f.dir/src.c.o: in function `main':
src.c:(.text+0x34): undefined reference to `pthread_create'
/home/manhhv/toolchains/gcc-arm-8.3-2019.03-x86_64-aarch64-linux-gnu/bin/../lib/gcc/aarch64-linux-gnu/8.3.0/../../../../aarch64-linux-gnu/bin/ld: src.c:(.text+0x3c): undefined reference to `pthread_detach'
/home/manhhv/toolchains/gcc-arm-8.3-2019.03-x86_64-aarch64-linux-gnu/bin/../lib/gcc/aarch64-linux-gnu/8.3.0/../../../../aarch64-linux-gnu/bin/ld: src.c:(.text+0x48): undefined reference to `pthread_join'
collect2: error: ld returned 1 exit status
make[1]: *** [CMakeFiles/cmTC_1188f.dir/build.make:87: cmTC_1188f] Error 1
make[1]: Leaving directory '/home/manhhv/Documents/QTApp/TensorFlow/tensorflow_src/build/CMakeFiles/CMakeTmp'
make: *** [Makefile:121: cmTC_1188f/fast] Error 2


Source file was:
#include <pthread.h>

void* test_func(void* data)
{
  return data;
}

int main(void)
{
  pthread_t thread;
  pthread_create(&thread, NULL, test_func, NULL);
  pthread_detach(thread);
  pthread_join(thread, NULL);
  pthread_atfork(NULL, NULL, NULL);
  pthread_exit(NULL);

  return 0;
}

Determining if the function pthread_create exists in the pthreads failed with the following output:
Change Dir: /home/manhhv/Documents/QTApp/TensorFlow/tensorflow_src/build/CMakeFiles/CMakeTmp

Run Build Command(s):/usr/bin/make cmTC_7df56/fast && /usr/bin/make -f CMakeFiles/cmTC_7df56.dir/build.make CMakeFiles/cmTC_7df56.dir/build
make[1]: Entering directory '/home/manhhv/Documents/QTApp/TensorFlow/tensorflow_src/build/CMakeFiles/CMakeTmp'
Building C object CMakeFiles/cmTC_7df56.dir/CheckFunctionExists.c.o
/home/manhhv/toolchains/gcc-arm-8.3-2019.03-x86_64-aarch64-linux-gnu/bin/aarch64-linux-gnu-gcc   -funsafe-math-optimizations -DCHECK_FUNCTION_EXISTS=pthread_create -fPIE   -o CMakeFiles/cmTC_7df56.dir/CheckFunctionExists.c.o   -c /usr/share/cmake-3.16/Modules/CheckFunctionExists.c
Linking C executable cmTC_7df56
/usr/bin/cmake -E cmake_link_script CMakeFiles/cmTC_7df56.dir/link.txt --verbose=1
/home/manhhv/toolchains/gcc-arm-8.3-2019.03-x86_64-aarch64-linux-gnu/bin/aarch64-linux-gnu-gcc -funsafe-math-optimizations -DCHECK_FUNCTION_EXISTS=pthread_create    CMakeFiles/cmTC_7df56.dir/CheckFunctionExists.c.o  -o cmTC_7df56  -lpthreads 
/home/manhhv/toolchains/gcc-arm-8.3-2019.03-x86_64-aarch64-linux-gnu/bin/../lib/gcc/aarch64-linux-gnu/8.3.0/../../../../aarch64-linux-gnu/bin/ld: cannot find -lpthreads
collect2: error: ld returned 1 exit status
make[1]: *** [CMakeFiles/cmTC_7df56.dir/build.make:87: cmTC_7df56] Error 1
make[1]: Leaving directory '/home/manhhv/Documents/QTApp/TensorFlow/tensorflow_src/build/CMakeFiles/CMakeTmp'
make: *** [Makefile:121: cmTC_7df56/fast] Error 2



Performing C++ SOURCE FILE Test COMPILER_SUPPORT_Wshorten64to32 failed with the following output:
Change Dir: /home/manhhv/Documents/QTApp/TensorFlow/tensorflow_src/build/CMakeFiles/CMakeTmp

Run Build Command(s):/usr/bin/make cmTC_eacbe/fast && /usr/bin/make -f CMakeFiles/cmTC_eacbe.dir/build.make CMakeFiles/cmTC_eacbe.dir/build
make[1]: Entering directory '/home/manhhv/Documents/QTApp/TensorFlow/tensorflow_src/build/CMakeFiles/CMakeTmp'
Building CXX object CMakeFiles/cmTC_eacbe.dir/src.cxx.o
/home/manhhv/toolchains/gcc-arm-8.3-2019.03-x86_64-aarch64-linux-gnu/bin/aarch64-linux-gnu-g++    -funsafe-math-optimizations -pedantic -Wall -Wextra -Wundef -Wcast-align -Wchar-subscripts -Wnon-virtual-dtor -Wunused-local-typedefs -Wpointer-arith -Wwrite-strings -Wformat-security -DCOMPILER_SUPPORT_Wshorten64to32 -Werror -fPIE   -Wshorten-64-to-32 -std=c++14 -o CMakeFiles/cmTC_eacbe.dir/src.cxx.o -c /home/manhhv/Documents/QTApp/TensorFlow/tensorflow_src/build/CMakeFiles/CMakeTmp/src.cxx
aarch64-linux-gnu-g++: error: unrecognized command line option '-Wshorten-64-to-32'
make[1]: *** [CMakeFiles/cmTC_eacbe.dir/build.make:66: CMakeFiles/cmTC_eacbe.dir/src.cxx.o] Error 1
make[1]: Leaving directory '/home/manhhv/Documents/QTApp/TensorFlow/tensorflow_src/build/CMakeFiles/CMakeTmp'
make: *** [Makefile:121: cmTC_eacbe/fast] Error 2


Source file was:
int main() { return 0; }
Performing C++ SOURCE FILE Test COMPILER_SUPPORT_Wenumconversion failed with the following output:
Change Dir: /home/manhhv/Documents/QTApp/TensorFlow/tensorflow_src/build/CMakeFiles/CMakeTmp

Run Build Command(s):/usr/bin/make cmTC_e6f49/fast && /usr/bin/make -f CMakeFiles/cmTC_e6f49.dir/build.make CMakeFiles/cmTC_e6f49.dir/build
make[1]: Entering directory '/home/manhhv/Documents/QTApp/TensorFlow/tensorflow_src/build/CMakeFiles/CMakeTmp'
Building CXX object CMakeFiles/cmTC_e6f49.dir/src.cxx.o
/home/manhhv/toolchains/gcc-arm-8.3-2019.03-x86_64-aarch64-linux-gnu/bin/aarch64-linux-gnu-g++    -funsafe-math-optimizations -pedantic -Wall -Wextra -Wundef -Wcast-align -Wchar-subscripts -Wnon-virtual-dtor -Wunused-local-typedefs -Wpointer-arith -Wwrite-strings -Wformat-security -Wlogical-op -DCOMPILER_SUPPORT_Wenumconversion -Werror -fPIE   -Wenum-conversion -std=c++14 -o CMakeFiles/cmTC_e6f49.dir/src.cxx.o -c /home/manhhv/Documents/QTApp/TensorFlow/tensorflow_src/build/CMakeFiles/CMakeTmp/src.cxx
aarch64-linux-gnu-g++: error: unrecognized command line option '-Wenum-conversion'; did you mean '-Wno-conversion'?
make[1]: *** [CMakeFiles/cmTC_e6f49.dir/build.make:66: CMakeFiles/cmTC_e6f49.dir/src.cxx.o] Error 1
make[1]: Leaving directory '/home/manhhv/Documents/QTApp/TensorFlow/tensorflow_src/build/CMakeFiles/CMakeTmp'
make: *** [Makefile:121: cmTC_e6f49/fast] Error 2


Source file was:
int main() { return 0; }
Performing C++ SOURCE FILE Test COMPILER_SUPPORT_Wcpp11extensions failed with the following output:
Change Dir: /home/manhhv/Documents/QTApp/TensorFlow/tensorflow_src/build/CMakeFiles/CMakeTmp

Run Build Command(s):/usr/bin/make cmTC_5b1b0/fast && /usr/bin/make -f CMakeFiles/cmTC_5b1b0.dir/build.make CMakeFiles/cmTC_5b1b0.dir/build
make[1]: Entering directory '/home/manhhv/Documents/QTApp/TensorFlow/tensorflow_src/build/CMakeFiles/CMakeTmp'
Building CXX object CMakeFiles/cmTC_5b1b0.dir/src.cxx.o
/home/manhhv/toolchains/gcc-arm-8.3-2019.03-x86_64-aarch64-linux-gnu/bin/aarch64-linux-gnu-g++    -funsafe-math-optimizations -pedantic -Wall -Wextra -Wundef -Wcast-align -Wchar-subscripts -Wnon-virtual-dtor -Wunused-local-typedefs -Wpointer-arith -Wwrite-strings -Wformat-security -Wlogical-op -DCOMPILER_SUPPORT_Wcpp11extensions -Werror -fPIE   -Wc++11-extensions -std=c++14 -o CMakeFiles/cmTC_5b1b0.dir/src.cxx.o -c /home/manhhv/Documents/QTApp/TensorFlow/tensorflow_src/build/CMakeFiles/CMakeTmp/src.cxx
aarch64-linux-gnu-g++: error: unrecognized command line option '-Wc++11-extensions'; did you mean '-fms-extensions'?
make[1]: *** [CMakeFiles/cmTC_5b1b0.dir/build.make:66: CMakeFiles/cmTC_5b1b0.dir/src.cxx.o] Error 1
make[1]: Leaving directory '/home/manhhv/Documents/QTApp/TensorFlow/tensorflow_src/build/CMakeFiles/CMakeTmp'
make: *** [Makefile:121: cmTC_5b1b0/fast] Error 2


Source file was:
int main() { return 0; }
Performing C++ SOURCE FILE Test COMPILER_SUPPORT_wd981 failed with the following output:
Change Dir: /home/manhhv/Documents/QTApp/TensorFlow/tensorflow_src/build/CMakeFiles/CMakeTmp

Run Build Command(s):/usr/bin/make cmTC_fe660/fast && /usr/bin/make -f CMakeFiles/cmTC_fe660.dir/build.make CMakeFiles/cmTC_fe660.dir/build
make[1]: Entering directory '/home/manhhv/Documents/QTApp/TensorFlow/tensorflow_src/build/CMakeFiles/CMakeTmp'
Building CXX object CMakeFiles/cmTC_fe660.dir/src.cxx.o
/home/manhhv/toolchains/gcc-arm-8.3-2019.03-x86_64-aarch64-linux-gnu/bin/aarch64-linux-gnu-g++    -funsafe-math-optimizations -pedantic -Wall -Wextra -Wundef -Wcast-align -Wchar-subscripts -Wnon-virtual-dtor -Wunused-local-typedefs -Wpointer-arith -Wwrite-strings -Wformat-security -Wlogical-op -Wdouble-promotion -Wshadow -Wno-psabi -Wno-variadic-macros -Wno-long-long -fno-check-new -fno-common -fstrict-aliasing -DCOMPILER_SUPPORT_wd981 -Werror -fPIE   -wd981 -std=c++14 -o CMakeFiles/cmTC_fe660.dir/src.cxx.o -c /home/manhhv/Documents/QTApp/TensorFlow/tensorflow_src/build/CMakeFiles/CMakeTmp/src.cxx
aarch64-linux-gnu-g++: error: unrecognized command line option '-wd981'
make[1]: *** [CMakeFiles/cmTC_fe660.dir/build.make:66: CMakeFiles/cmTC_fe660.dir/src.cxx.o] Error 1
make[1]: Leaving directory '/home/manhhv/Documents/QTApp/TensorFlow/tensorflow_src/build/CMakeFiles/CMakeTmp'
make: *** [Makefile:121: cmTC_fe660/fast] Error 2


Source file was:
int main() { return 0; }
Performing C++ SOURCE FILE Test COMPILER_SUPPORT_wd2304 failed with the following output:
Change Dir: /home/manhhv/Documents/QTApp/TensorFlow/tensorflow_src/build/CMakeFiles/CMakeTmp

Run Build Command(s):/usr/bin/make cmTC_a0018/fast && /usr/bin/make -f CMakeFiles/cmTC_a0018.dir/build.make CMakeFiles/cmTC_a0018.dir/build
make[1]: Entering directory '/home/manhhv/Documents/QTApp/TensorFlow/tensorflow_src/build/CMakeFiles/CMakeTmp'
Building CXX object CMakeFiles/cmTC_a0018.dir/src.cxx.o
/home/manhhv/toolchains/gcc-arm-8.3-2019.03-x86_64-aarch64-linux-gnu/bin/aarch64-linux-gnu-g++    -funsafe-math-optimizations -pedantic -Wall -Wextra -Wundef -Wcast-align -Wchar-subscripts -Wnon-virtual-dtor -Wunused-local-typedefs -Wpointer-arith -Wwrite-strings -Wformat-security -Wlogical-op -Wdouble-promotion -Wshadow -Wno-psabi -Wno-variadic-macros -Wno-long-long -fno-check-new -fno-common -fstrict-aliasing -DCOMPILER_SUPPORT_wd2304 -Werror -fPIE   -wd2304 -std=c++14 -o CMakeFiles/cmTC_a0018.dir/src.cxx.o -c /home/manhhv/Documents/QTApp/TensorFlow/tensorflow_src/build/CMakeFiles/CMakeTmp/src.cxx
aarch64-linux-gnu-g++: error: unrecognized command line option '-wd2304'
make[1]: *** [CMakeFiles/cmTC_a0018.dir/build.make:66: CMakeFiles/cmTC_a0018.dir/src.cxx.o] Error 1
make[1]: Leaving directory '/home/manhhv/Documents/QTApp/TensorFlow/tensorflow_src/build/CMakeFiles/CMakeTmp'
make: *** [Makefile:121: cmTC_a0018/fast] Error 2


Source file was:
int main() { return 0; }
Compiling the Fortran compiler identification source file "CMakeFortranCompilerId.F" failed.
Compiler: CMAKE_Fortran_COMPILER-NOTFOUND 
Build flags: 
Id flags: -v 

The output was:
No such file or directory


Compiling the Fortran compiler identification source file "CMakeFortranCompilerId.F" failed.
Compiler: CMAKE_Fortran_COMPILER-NOTFOUND 
Build flags: 
Id flags:  

The output was:
No such file or directory


Compiling the Fortran compiler identification source file "CMakeFortranCompilerId.F" failed.
Compiler: CMAKE_Fortran_COMPILER-NOTFOUND 
Build flags: 
Id flags: -c 

The output was:
No such file or directory


Compiling the Fortran compiler identification source file "CMakeFortranCompilerId.F" failed.
Compiler: CMAKE_Fortran_COMPILER-NOTFOUND 
Build flags: 
Id flags: -fpp 

The output was:
No such file or directory


Compiling the Fortran compiler identification source file "CMakeFortranCompilerId.F" failed.
Compiler: CMAKE_Fortran_COMPILER-NOTFOUND 
Build flags: 
Id flags: -v 

The output was:
No such file or directory


Compiling the Fortran compiler identification source file "CMakeFortranCompilerId.F" failed.
Compiler: CMAKE_Fortran_COMPILER-NOTFOUND 
Build flags: 
Id flags:  

The output was:
No such file or directory


Compiling the Fortran compiler identification source file "CMakeFortranCompilerId.F" failed.
Compiler: CMAKE_Fortran_COMPILER-NOTFOUND 
Build flags: 
Id flags: -c 

The output was:
No such file or directory


Compiling the Fortran compiler identification source file "CMakeFortranCompilerId.F" failed.
Compiler: CMAKE_Fortran_COMPILER-NOTFOUND 
Build flags: 
Id flags: -fpp 

The output was:
No such file or directory


